2025-12-05 08:14:04,758 [INFO] Initial Balance: 1000.00 USDT (DRY RUN)
2025-12-05 08:14:04,758 [INFO] >>> TREND FOLLOWING BOT V2 (REAL-TIME) STARTED [TEST (DRY RUN)] <<<
2025-12-05 08:14:04,759 [INFO] Config: Score 80.0+ | Hold 1.0h-24.0h
2025-12-05 08:14:04,759 [INFO] Daily Target: 10.0% (Stop at $1100.00)
2025-12-05 08:14:04,760 [INFO] Started Safety Monitor...
2025-12-05 08:14:04,760 [INFO] Started Status Reporter...
2025-12-05 08:14:04,760 [INFO] --- STATUS REPORT: No Open Positions (PnL: 0.00%) ---
2025-12-05 08:14:04,760 [INFO] Started Batch Scanner...
2025-12-05 08:14:04,761 [INFO] Scanning to fill 10 slots...
2025-12-05 08:19:18,739 [INFO] No suitable candidates found this round.
2025-12-05 08:19:18,740 [INFO] --- STATUS REPORT: No Open Positions (PnL: 0.00%) ---
2025-12-05 08:20:18,766 [INFO] Scanning to fill 10 slots...
2025-12-05 08:25:28,055 [INFO] No suitable candidates found this round.
2025-12-05 08:25:28,056 [INFO] --- STATUS REPORT: No Open Positions (PnL: 0.00%) ---
2025-12-05 08:26:28,077 [INFO] Scanning to fill 10 slots...
2025-12-05 08:31:12,531 [INFO] Found 1 candidates. Executing batch...
2025-12-05 08:31:12,693 [INFO] OPENING TRADOORUSDT LONG | Entry: 1.4750 | SL: 1.3200 | TP: 1.5488
2025-12-05 08:31:13,930 [INFO] [MOCK] OPEN LONG TRADOORUSDT @ 1.474 | SL: 1.32 | TP: 1.54875
2025-12-05 08:31:16,375 [INFO] --- STATUS REPORT (PnL: -10.00%) ---
2025-12-05 08:31:17,545 [INFO] TRADOORUSDT LONG | PnL: 0.00% | Time: 0.1m
2025-12-05 08:32:13,938 [INFO] Scanning to fill 9 slots...
2025-12-05 08:37:24,028 [INFO] No suitable candidates found this round.
2025-12-05 08:37:26,614 [INFO] [MOCK] CLOSE TRADOORUSDT @ 1.573 | TAKE PROFIT | PnL: 6.72% ($6.72) | Time: 6m
2025-12-05 08:37:26,615 [INFO] --- STATUS REPORT: No Open Positions (PnL: 0.67%) ---
2025-12-05 08:38:24,026 [INFO] Scanning to fill 10 slots...
2025-12-05 08:43:56,107 [INFO] Found 1 candidates. Executing batch...
2025-12-05 08:43:56,111 [INFO] OPENING TRADOORUSDT LONG | Entry: 1.6080 | SL: 1.3200 | TP: 1.6884
2025-12-05 08:43:57,418 [INFO] [MOCK] OPEN LONG TRADOORUSDT @ 1.64 | SL: 1.32 | TP: 1.6884000000000001
2025-12-05 08:44:00,101 [INFO] --- STATUS REPORT (PnL: -9.40%) ---
2025-12-05 08:44:01,408 [INFO] TRADOORUSDT LONG | PnL: 0.06% | Time: 0.1m
2025-12-05 08:44:57,426 [INFO] Scanning to fill 9 slots...
2025-12-05 08:50:12,853 [INFO] No suitable candidates found this round.
2025-12-05 08:50:15,728 [INFO] --- STATUS REPORT (PnL: -9.40%) ---
2025-12-05 08:50:17,075 [INFO] TRADOORUSDT LONG | PnL: -2.80% | Time: 6.3m
2025-12-05 08:51:12,868 [INFO] Scanning to fill 9 slots...
2025-12-05 08:56:29,340 [INFO] No suitable candidates found this round.
2025-12-05 08:56:31,719 [INFO] --- STATUS REPORT (PnL: -9.40%) ---
2025-12-05 08:56:33,008 [INFO] TRADOORUSDT LONG | PnL: 0.91% | Time: 12.6m
2025-12-05 08:57:26,216 [INFO] [MOCK] CLOSE TRADOORUSDT @ 1.69 | TAKE PROFIT | PnL: 3.05% ($3.07) | Time: 13m
2025-12-05 08:57:29,354 [INFO] Scanning to fill 10 slots...
2025-12-05 09:08:01,295 [INFO] Found 2 candidates. Executing batch...
2025-12-05 09:08:01,306 [INFO] OPENING TRADOORUSDT LONG | Entry: 1.6850 | SL: 1.3200 | TP: 1.7693
2025-12-05 09:08:06,404 [INFO] [MOCK] OPEN LONG TRADOORUSDT @ 1.702 | SL: 1.32 | TP: 1.7692500000000002
2025-12-05 09:08:06,411 [INFO] OPENING BDXNUSDT SHORT | Entry: 0.0260 | SL: 0.0278 | TP: 0.0255
2025-12-05 09:08:10,356 [INFO] [MOCK] OPEN SHORT BDXNUSDT @ 0.02573 | SL: 0.02782 | TP: 0.02555
2025-12-05 09:08:24,431 [INFO] --- STATUS REPORT (PnL: -18.21%) ---
2025-12-05 09:08:28,688 [INFO] TRADOORUSDT LONG | PnL: -0.82% | Time: 0.4m
2025-12-05 09:08:33,713 [INFO] BDXNUSDT SHORT | PnL: -0.04% | Time: 0.4m
2025-12-05 09:09:10,356 [INFO] Scanning to fill 8 slots...
2025-12-05 09:22:30,042 [INFO] No suitable candidates found this round.
2025-12-05 09:22:48,265 [INFO] --- STATUS REPORT (PnL: -18.21%) ---
2025-12-05 09:22:52,546 [INFO] TRADOORUSDT LONG | PnL: -3.64% | Time: 14.8m
2025-12-05 09:22:57,401 [INFO] BDXNUSDT SHORT | PnL: -0.66% | Time: 14.8m
2025-12-05 09:23:36,044 [INFO] Scanning to fill 8 slots...
2025-12-05 09:35:55,628 [INFO] Found 1 candidates. Executing batch...
2025-12-05 09:35:55,632 [INFO] OPENING YBUSDT LONG | Entry: 0.5404 | SL: 0.5107 | TP: 0.5674
2025-12-05 09:36:00,214 [INFO] [MOCK] OPEN LONG YBUSDT @ 0.5405 | SL: 0.5107 | TP: 0.56742
2025-12-05 09:36:24,643 [INFO] --- STATUS REPORT (PnL: -26.39%) ---
2025-12-05 09:36:28,815 [INFO] TRADOORUSDT LONG | PnL: -10.28% | Time: 28.4m
2025-12-05 09:36:33,544 [INFO] BDXNUSDT SHORT | PnL: -0.16% | Time: 28.4m
2025-12-05 09:36:38,693 [INFO] YBUSDT LONG | PnL: 0.19% | Time: 0.6m
2025-12-05 09:37:03,791 [INFO] Scanning to fill 7 slots...
2025-12-05 09:50:34,662 [INFO] Found 1 candidates. Executing batch...
2025-12-05 09:50:34,667 [INFO] OPENING VIRTUALUSDT SHORT | Entry: 0.8726 | SL: 0.9098 | TP: 0.8290
2025-12-05 09:50:40,016 [INFO] [MOCK] OPEN SHORT VIRTUALUSDT @ 0.8707 | SL: 0.9098 | TP: 0.82897
2025-12-05 09:50:52,019 [INFO] [MOCK] CLOSE BDXNUSDT @ 0.02525 | TAKE PROFIT | PnL: 1.87% ($1.70) | Time: 43m
2025-12-05 09:51:01,165 [INFO] --- STATUS REPORT (PnL: -24.49%) ---
2025-12-05 09:51:03,535 [INFO] TRADOORUSDT LONG | PnL: -11.63% | Time: 43.0m
2025-12-05 09:51:08,156 [INFO] YBUSDT LONG | PnL: -1.44% | Time: 15.1m
2025-12-05 09:51:10,448 [INFO] VIRTUALUSDT SHORT | PnL: 0.05% | Time: 0.5m
2025-12-05 09:51:48,442 [INFO] Scanning to fill 7 slots...
2025-12-05 10:04:54,627 [INFO] Found 3 candidates. Executing batch...
2025-12-05 10:04:54,631 [INFO] OPENING FFUSDT SHORT | Entry: 0.1140 | SL: 0.1198 | TP: 0.1120
2025-12-05 10:04:58,969 [INFO] [MOCK] OPEN SHORT FFUSDT @ 0.11412 | SL: 0.11985 | TP: 0.112
2025-12-05 10:04:58,974 [INFO] OPENING AIAUSDT SHORT | Entry: 0.3470 | SL: 0.3697 | TP: 0.3401
2025-12-05 10:05:03,386 [INFO] [MOCK] OPEN SHORT AIAUSDT @ 0.3484 | SL: 0.3697 | TP: 0.3401
2025-12-05 10:05:03,390 [INFO] OPENING ATUSDT SHORT | Entry: 0.1301 | SL: 0.1411 | TP: 0.1260
2025-12-05 10:05:08,380 [INFO] [MOCK] OPEN SHORT ATUSDT @ 0.1314 | SL: 0.1411 | TP: 0.126
2025-12-05 10:05:59,292 [INFO] --- STATUS REPORT (PnL: -44.95%) ---
2025-12-05 10:06:03,974 [INFO] TRADOORUSDT LONG | PnL: -10.46% | Time: 58.0m
2025-12-05 10:06:08,260 [INFO] YBUSDT LONG | PnL: -0.39% | Time: 30.1m
2025-12-05 10:06:12,779 [INFO] VIRTUALUSDT SHORT | PnL: 0.44% | Time: 15.5m
2025-12-05 10:06:17,204 [INFO] FFUSDT SHORT | PnL: -0.04% | Time: 1.3m
2025-12-05 10:06:20,747 [INFO] AIAUSDT SHORT | PnL: -0.17% | Time: 1.3m
2025-12-05 10:06:22,932 [INFO] ATUSDT SHORT | PnL: -0.15% | Time: 1.2m
2025-12-05 10:06:48,998 [INFO] Scanning to fill 4 slots...
2025-12-05 10:19:00,652 [INFO] No suitable candidates found this round.
2025-12-05 10:19:24,421 [INFO] --- STATUS REPORT (PnL: -44.95%) ---
2025-12-05 10:19:26,264 [INFO] TRADOORUSDT LONG | PnL: -10.16% | Time: 71.3m
2025-12-05 10:19:28,609 [INFO] YBUSDT LONG | PnL: 0.87% | Time: 43.5m
2025-12-05 10:19:31,862 [INFO] VIRTUALUSDT SHORT | PnL: 0.70% | Time: 28.9m
2025-12-05 10:19:36,584 [INFO] FFUSDT SHORT | PnL: 0.27% | Time: 14.6m
2025-12-05 10:19:40,804 [INFO] AIAUSDT SHORT | PnL: 0.11% | Time: 14.6m
2025-12-05 10:19:45,182 [INFO] ATUSDT SHORT | PnL: -0.08% | Time: 14.6m
2025-12-05 10:20:30,804 [INFO] Scanning to fill 4 slots...
2025-12-05 10:29:36,602 [INFO] Found 1 candidates. Executing batch...
2025-12-05 10:29:36,605 [INFO] OPENING ORDIUSDT SHORT | Entry: 4.0090 | SL: 4.1330 | TP: 3.8086
2025-12-05 10:29:38,546 [INFO] [MOCK] OPEN SHORT ORDIUSDT @ 4.014 | SL: 4.133 | TP: 3.8085500000000003
2025-12-05 10:29:44,658 [INFO] [MOCK] CLOSE TRADOORUSDT @ 1.486 | MAJOR RESISTANCE @ 1.48 | PnL: -12.69% ($-12.82) | Time: 82m
2025-12-05 10:30:30,525 [INFO] --- STATUS REPORT (PnL: -41.64%) ---
2025-12-05 10:30:32,683 [INFO] YBUSDT LONG | PnL: 1.11% | Time: 54.5m
2025-12-05 10:30:34,874 [INFO] VIRTUALUSDT SHORT | PnL: 0.39% | Time: 39.9m
2025-12-05 10:30:37,315 [INFO] FFUSDT SHORT | PnL: -0.01% | Time: 25.6m
2025-12-05 10:30:39,536 [INFO] AIAUSDT SHORT | PnL: -0.11% | Time: 25.6m
2025-12-05 10:30:41,710 [INFO] ATUSDT SHORT | PnL: -0.99% | Time: 25.6m
2025-12-05 10:30:44,523 [INFO] ORDIUSDT SHORT | PnL: 0.00% | Time: 1.1m
2025-12-05 10:30:55,589 [INFO] [MOCK] CLOSE VIRTUALUSDT @ 0.8679 | MAJOR RESISTANCE @ 0.87 | PnL: 0.32% ($0.24) | Time: 40m
2025-12-05 10:31:11,670 [INFO] Scanning to fill 5 slots...
2025-12-05 10:39:33,309 [INFO] No suitable candidates found this round.
2025-12-05 10:39:52,938 [INFO] --- STATUS REPORT (PnL: -34.26%) ---
2025-12-05 10:39:54,864 [INFO] YBUSDT LONG | PnL: 1.15% | Time: 63.9m
2025-12-05 10:39:56,695 [INFO] FFUSDT SHORT | PnL: -0.41% | Time: 35.0m
2025-12-05 10:39:58,522 [INFO] AIAUSDT SHORT | PnL: -0.32% | Time: 34.9m
2025-12-05 10:40:00,395 [INFO] ATUSDT SHORT | PnL: -0.84% | Time: 34.9m
2025-12-05 10:40:02,766 [INFO] ORDIUSDT SHORT | PnL: 0.05% | Time: 10.4m
2025-12-05 10:40:33,308 [INFO] Scanning to fill 5 slots...
2025-12-05 10:51:29,690 [INFO] Found 2 candidates. Executing batch...
2025-12-05 10:51:29,696 [INFO] OPENING 1000LUNCUSDT LONG | Entry: 0.0455 | SL: 0.0362 | TP: 0.0469
2025-12-05 10:51:34,619 [INFO] [MOCK] OPEN LONG 1000LUNCUSDT @ 0.04653 | SL: 0.03625 | TP: 0.04689
2025-12-05 10:51:34,625 [INFO] OPENING LUNA2USDT LONG | Entry: 0.0907 | SL: 0.0781 | TP: 0.0952
2025-12-05 10:51:39,310 [INFO] [MOCK] OPEN LONG LUNA2USDT @ 0.09139 | SL: 0.07812 | TP: 0.09521400000000001
2025-12-05 10:52:17,246 [INFO] --- STATUS REPORT (PnL: -46.75%) ---
2025-12-05 10:52:19,208 [INFO] YBUSDT LONG | PnL: 2.16% | Time: 76.3m
2025-12-05 10:52:21,187 [INFO] FFUSDT SHORT | PnL: 0.23% | Time: 47.4m
2025-12-05 10:52:23,255 [INFO] AIAUSDT SHORT | PnL: 2.04% | Time: 47.3m
2025-12-05 10:52:25,541 [INFO] ATUSDT SHORT | PnL: -0.08% | Time: 47.3m
2025-12-05 10:52:27,550 [INFO] ORDIUSDT SHORT | PnL: 0.42% | Time: 22.8m
2025-12-05 10:52:29,725 [INFO] 1000LUNCUSDT LONG | PnL: -0.54% | Time: 0.9m
2025-12-05 10:52:31,975 [INFO] LUNA2USDT LONG | PnL: -0.18% | Time: 0.9m
2025-12-05 10:53:04,481 [INFO] Scanning to fill 3 slots...
2025-12-05 11:05:14,378 [INFO] Found 3 candidates. Executing batch...
2025-12-05 11:05:14,383 [INFO] OPENING NEARUSDT SHORT | Entry: 1.6950 | SL: 1.7570 | TP: 1.6102
2025-12-05 11:05:18,627 [INFO] [MOCK] OPEN SHORT NEARUSDT @ 1.739 | SL: 1.757 | TP: 1.61025
2025-12-05 11:05:18,632 [INFO] OPENING DOTUSDT SHORT | Entry: 2.1910 | SL: 2.2560 | TP: 2.0814
2025-12-05 11:05:23,013 [INFO] [MOCK] OPEN SHORT DOTUSDT @ 2.233 | SL: 2.256 | TP: 2.08145
2025-12-05 11:05:23,018 [INFO] OPENING EVAAUSDT SHORT | Entry: 0.9770 | SL: 1.0800 | TP: 0.9281
2025-12-05 11:05:27,855 [INFO] [MOCK] OPEN SHORT EVAAUSDT @ 1.01 | SL: 1.08 | TP: 0.9281499999999999
2025-12-05 11:05:49,136 [INFO] [MOCK] CLOSE FFUSDT @ 0.11678 | MAJOR RESISTANCE @ 0.12 | PnL: -2.33% ($-1.76) | Time: 61m
2025-12-05 11:06:11,286 [INFO] [MOCK] CLOSE ATUSDT @ 0.1337 | MAJOR RESISTANCE @ 0.13 | PnL: -1.75% ($-1.07) | Time: 61m
2025-12-05 11:06:25,097 [INFO] [MOCK] CLOSE ORDIUSDT @ 4.103 | MAJOR RESISTANCE @ 4.10 | PnL: -2.22% ($-1.22) | Time: 37m
2025-12-05 11:06:34,208 [INFO] [MOCK] CLOSE 1000LUNCUSDT @ 0.04879 | TAKE PROFIT | PnL: 4.86% ($3.19) | Time: 15m
2025-12-05 11:06:56,231 [INFO] [MOCK] CLOSE NEARUSDT @ 1.74 | MAJOR RESISTANCE @ 1.75 | PnL: -0.06% ($-0.03) | Time: 2m
2025-12-05 11:07:09,269 [INFO] [MOCK] CLOSE DOTUSDT @ 2.235 | MAJOR RESISTANCE @ 2.24 | PnL: -0.09% ($-0.04) | Time: 2m
2025-12-05 11:07:18,502 [INFO] --- STATUS REPORT (PnL: -25.41%) ---
2025-12-05 11:07:22,817 [INFO] YBUSDT LONG | PnL: 4.81% | Time: 91.4m
2025-12-05 11:07:27,088 [INFO] AIAUSDT SHORT | PnL: 1.09% | Time: 62.4m
2025-12-05 11:07:31,508 [INFO] LUNA2USDT LONG | PnL: 2.70% | Time: 15.9m
2025-12-05 11:07:34,944 [INFO] EVAAUSDT SHORT | PnL: 1.29% | Time: 2.1m
2025-12-05 11:07:34,944 [INFO] Scanning to fill 6 slots...
2025-12-05 11:21:47,186 [INFO] Found 3 candidates. Executing batch...
2025-12-05 11:21:47,191 [INFO] OPENING EGLDUSDT LONG | Entry: 8.5120 | SL: 7.9050 | TP: 8.9376
2025-12-05 11:21:51,675 [INFO] [MOCK] OPEN LONG EGLDUSDT @ 8.552 | SL: 7.905 | TP: 8.937600000000002
2025-12-05 11:21:51,682 [INFO] OPENING USTCUSDT LONG | Entry: 0.0079 | SL: 0.0068 | TP: 0.0080
2025-12-05 11:21:56,152 [INFO] [MOCK] OPEN LONG USTCUSDT @ 0.007895 | SL: 0.006792 | TP: 0.008044
2025-12-05 11:21:56,158 [INFO] OPENING SYRUPUSDT LONG | Entry: 0.2752 | SL: 0.2577 | TP: 0.2890
2025-12-05 11:22:00,649 [INFO] [MOCK] OPEN LONG SYRUPUSDT @ 0.27765 | SL: 0.25766 | TP: 0.2889705
2025-12-05 11:23:01,992 [INFO] --- STATUS REPORT (PnL: -45.62%) ---
2025-12-05 11:23:06,417 [INFO] YBUSDT LONG | PnL: 4.96% | Time: 107.1m
2025-12-05 11:23:10,781 [INFO] AIAUSDT SHORT | PnL: 0.60% | Time: 78.1m
2025-12-05 11:23:15,185 [INFO] LUNA2USDT LONG | PnL: 3.49% | Time: 31.6m
2025-12-05 11:23:19,639 [INFO] EVAAUSDT SHORT | PnL: 1.49% | Time: 17.9m
2025-12-05 11:23:21,892 [INFO] EGLDUSDT LONG | PnL: -0.82% | Time: 1.5m
2025-12-05 11:23:24,183 [INFO] USTCUSDT LONG | PnL: -2.01% | Time: 1.5m
2025-12-05 11:23:26,287 [INFO] SYRUPUSDT LONG | PnL: 0.22% | Time: 1.4m
2025-12-05 11:23:26,287 [INFO] Scanning to fill 3 slots...
2025-12-05 11:37:10,689 [INFO] No suitable candidates found this round.
2025-12-05 11:37:20,452 [INFO] [MOCK] CLOSE YBUSDT @ 0.5707 | TAKE PROFIT | PnL: 5.59% ($4.57) | Time: 121m
2025-12-05 11:37:37,024 [INFO] [MOCK] CLOSE LUNA2USDT @ 0.0969 | TAKE PROFIT | PnL: 6.03% ($3.57) | Time: 46m
2025-12-05 11:38:10,433 [INFO] --- STATUS REPORT (PnL: -30.71%) ---
2025-12-05 11:38:15,717 [INFO] AIAUSDT SHORT | PnL: -0.29% | Time: 93.2m
2025-12-05 11:38:20,375 [INFO] EVAAUSDT SHORT | PnL: 2.28% | Time: 32.9m
2025-12-05 11:38:24,842 [INFO] EGLDUSDT LONG | PnL: -0.51% | Time: 16.6m
2025-12-05 11:38:30,265 [INFO] USTCUSDT LONG | PnL: -1.00% | Time: 16.6m
2025-12-05 11:38:34,795 [INFO] SYRUPUSDT LONG | PnL: 1.39% | Time: 16.6m
2025-12-05 11:38:34,796 [INFO] Scanning to fill 5 slots...
2025-12-05 11:53:52,304 [INFO] No suitable candidates found this round.
2025-12-05 11:54:36,461 [INFO] --- STATUS REPORT (PnL: -30.71%) ---
2025-12-05 11:54:41,148 [INFO] AIAUSDT SHORT | PnL: 1.58% | Time: 109.6m
2025-12-05 11:54:46,179 [INFO] EVAAUSDT SHORT | PnL: 4.55% | Time: 49.3m
2025-12-05 11:54:50,633 [INFO] EGLDUSDT LONG | PnL: -0.65% | Time: 33.0m
2025-12-05 11:54:55,176 [INFO] USTCUSDT LONG | PnL: -0.67% | Time: 33.0m
2025-12-05 11:54:59,532 [INFO] SYRUPUSDT LONG | PnL: -0.29% | Time: 33.0m
2025-12-05 11:55:30,894 [INFO] Scanning to fill 5 slots...
2025-12-05 12:00:49,774 [ERROR] Error fetching klines for ARBUSDT: HTTPSConnectionPool(host='fapi.binance.com', port=443): Read timed out. (read timeout=5)
2025-12-05 12:09:29,851 [INFO] Found 5 candidates. Executing batch...
2025-12-05 12:09:29,871 [INFO] OPENING LAYERUSDT SHORT | Entry: 0.2023 | SL: 0.2088 | TP: 0.1922
2025-12-05 12:09:34,847 [INFO] [MOCK] OPEN SHORT LAYERUSDT @ 0.2013 | SL: 0.2088 | TP: 0.192185
2025-12-05 12:09:34,852 [INFO] OPENING SNXUSDT SHORT | Entry: 0.5020 | SL: 0.5250 | TP: 0.4769
2025-12-05 12:09:39,215 [INFO] [MOCK] OPEN SHORT SNXUSDT @ 0.502 | SL: 0.525 | TP: 0.4769
2025-12-05 12:09:39,220 [INFO] OPENING IPUSDT SHORT | Entry: 2.2060 | SL: 2.2970 | TP: 2.0957
2025-12-05 12:09:43,624 [INFO] [MOCK] OPEN SHORT IPUSDT @ 2.217 | SL: 2.297 | TP: 2.0957
2025-12-05 12:09:43,629 [INFO] OPENING MAGICUSDT SHORT | Entry: 0.0973 | SL: 0.1009 | TP: 0.0924
2025-12-05 12:09:48,022 [INFO] [MOCK] OPEN SHORT MAGICUSDT @ 0.0977 | SL: 0.1009 | TP: 0.09243499999999999
2025-12-05 12:09:48,027 [INFO] OPENING SANDUSDT SHORT | Entry: 0.1422 | SL: 0.1466 | TP: 0.1351
2025-12-05 12:09:52,785 [INFO] [MOCK] OPEN SHORT SANDUSDT @ 0.14205 | SL: 0.14658 | TP: 0.1351375
2025-12-05 12:10:01,926 [INFO] [MOCK] CLOSE AIAUSDT @ 0.3372 | TAKE PROFIT | PnL: 3.21% ($2.18) | Time: 125m
2025-12-05 12:11:21,359 [INFO] --- STATUS REPORT (PnL: -52.07%) ---
2025-12-05 12:11:26,209 [INFO] EVAAUSDT SHORT | PnL: 6.14% | Time: 66.0m
2025-12-05 12:11:30,686 [INFO] EGLDUSDT LONG | PnL: -2.88% | Time: 49.7m
2025-12-05 12:11:34,966 [INFO] USTCUSDT LONG | PnL: -6.23% | Time: 49.6m
2025-12-05 12:11:39,611 [INFO] SYRUPUSDT LONG | PnL: -1.42% | Time: 49.6m
2025-12-05 12:11:44,368 [INFO] LAYERUSDT SHORT | PnL: -0.05% | Time: 2.2m
2025-12-05 12:11:48,598 [INFO] SNXUSDT SHORT | PnL: 0.40% | Time: 2.2m
2025-12-05 12:11:53,325 [INFO] IPUSDT SHORT | PnL: 0.18% | Time: 2.2m
2025-12-05 12:11:57,603 [INFO] MAGICUSDT SHORT | PnL: 0.00% | Time: 2.2m
2025-12-05 12:12:02,013 [INFO] SANDUSDT SHORT | PnL: -0.13% | Time: 2.2m
2025-12-05 12:12:02,015 [INFO] Scanning to fill 1 slots...
2025-12-05 12:27:53,203 [INFO] Found 1 candidates. Executing batch...
2025-12-05 12:27:53,209 [INFO] OPENING DOGEUSDT SHORT | Entry: 0.1410 | SL: 0.1449 | TP: 0.1339
2025-12-05 12:27:58,210 [INFO] [MOCK] OPEN SHORT DOGEUSDT @ 0.14079 | SL: 0.14486 | TP: 0.133912
2025-12-05 12:28:19,215 [INFO] [MOCK] CLOSE EGLDUSDT @ 8.25 | MAJOR RESISTANCE @ 8.27 | PnL: -3.53% ($-2.63) | Time: 66m
2025-12-05 12:28:40,661 [INFO] [MOCK] CLOSE SYRUPUSDT @ 0.26754 | MAJOR RESISTANCE @ 0.27 | PnL: -3.64% ($-2.20) | Time: 67m
2025-12-05 12:29:30,825 [INFO] --- STATUS REPORT (PnL: -43.85%) ---
2025-12-05 12:29:35,255 [INFO] EVAAUSDT SHORT | PnL: 5.94% | Time: 84.1m
2025-12-05 12:29:39,441 [INFO] USTCUSDT LONG | PnL: -4.29% | Time: 67.7m
2025-12-05 12:29:43,810 [INFO] LAYERUSDT SHORT | PnL: -1.64% | Time: 20.1m
2025-12-05 12:29:47,856 [INFO] SNXUSDT SHORT | PnL: -0.20% | Time: 20.1m
2025-12-05 12:29:49,980 [INFO] IPUSDT SHORT | PnL: -0.14% | Time: 20.1m
2025-12-05 12:29:51,911 [INFO] MAGICUSDT SHORT | PnL: 0.00% | Time: 20.1m
2025-12-05 12:29:53,866 [INFO] SANDUSDT SHORT | PnL: -0.25% | Time: 20.0m
2025-12-05 12:29:55,750 [INFO] DOGEUSDT SHORT | PnL: 0.06% | Time: 2.0m
2025-12-05 12:29:55,751 [INFO] Scanning to fill 2 slots...
2025-12-05 12:45:33,367 [INFO] Found 2 candidates. Executing batch...
2025-12-05 12:45:33,385 [INFO] OPENING OMUSDT SHORT | Entry: 0.0729 | SL: 0.0781 | TP: 0.0693
2025-12-05 12:45:38,084 [INFO] [MOCK] OPEN SHORT OMUSDT @ 0.07298 | SL: 0.07807 | TP: 0.069274
2025-12-05 12:45:38,090 [INFO] OPENING ORDIUSDT SHORT | Entry: 3.9080 | SL: 4.1330 | TP: 3.7126
2025-12-05 12:45:42,669 [INFO] [MOCK] OPEN SHORT ORDIUSDT @ 3.896 | SL: 4.133 | TP: 3.7125999999999997
2025-12-05 12:45:55,501 [INFO] [MOCK] CLOSE EVAAUSDT @ 0.944 | MAJOR RESISTANCE @ 0.94 | PnL: 6.53% ($2.82) | Time: 100m
2025-12-05 12:46:25,776 [INFO] [MOCK] CLOSE SNXUSDT @ 0.494 | MAJOR RESISTANCE @ 0.49 | PnL: 1.59% ($0.99) | Time: 37m
2025-12-05 12:47:04,455 [INFO] [MOCK] CLOSE DOGEUSDT @ 0.13814 | MAJOR RESISTANCE @ 0.14 | PnL: 1.88% ($0.90) | Time: 19m
2025-12-05 12:47:21,577 [INFO] --- STATUS REPORT (PnL: -38.70%) ---
2025-12-05 12:47:25,849 [INFO] USTCUSDT LONG | PnL: -5.07% | Time: 85.5m
2025-12-05 12:47:30,043 [INFO] LAYERUSDT SHORT | PnL: -2.93% | Time: 37.9m
2025-12-05 12:47:34,407 [INFO] IPUSDT SHORT | PnL: 2.03% | Time: 37.8m
2025-12-05 12:47:38,862 [INFO] MAGICUSDT SHORT | PnL: 1.64% | Time: 37.8m
2025-12-05 12:47:43,610 [INFO] SANDUSDT SHORT | PnL: 1.70% | Time: 37.8m
2025-12-05 12:47:47,925 [INFO] OMUSDT SHORT | PnL: -0.10% | Time: 2.2m
2025-12-05 12:47:52,262 [INFO] ORDIUSDT SHORT | PnL: 0.21% | Time: 2.2m
2025-12-05 12:47:52,263 [INFO] Scanning to fill 3 slots...
2025-12-05 13:04:18,408 [INFO] Found 3 candidates. Executing batch...
2025-12-05 13:04:18,413 [INFO] OPENING PIEVERSEUSDT LONG | Entry: 0.5745 | SL: 0.4627 | TP: 0.6032
2025-12-05 13:04:23,867 [INFO] [MOCK] OPEN LONG PIEVERSEUSDT @ 0.579 | SL: 0.4627 | TP: 0.603225
2025-12-05 13:04:23,873 [INFO] OPENING FETUSDT SHORT | Entry: 0.2282 | SL: 0.2439 | TP: 0.2239
2025-12-05 13:04:28,425 [INFO] [MOCK] OPEN SHORT FETUSDT @ 0.2301 | SL: 0.2439 | TP: 0.2239
2025-12-05 13:04:28,432 [INFO] OPENING SEIUSDT SHORT | Entry: 0.1277 | SL: 0.1348 | TP: 0.1213
2025-12-05 13:04:32,863 [INFO] [MOCK] OPEN SHORT SEIUSDT @ 0.1287 | SL: 0.1348 | TP: 0.121315
2025-12-05 13:04:46,010 [INFO] [MOCK] CLOSE USTCUSDT @ 0.007166 | MAJOR RESISTANCE @ 0.01 | PnL: -9.23% ($-6.20) | Time: 103m
2025-12-05 13:05:59,858 [INFO] --- STATUS REPORT (PnL: -49.22%) ---
2025-12-05 13:06:04,367 [INFO] LAYERUSDT SHORT | PnL: -2.48% | Time: 56.5m
2025-12-05 13:06:08,590 [INFO] IPUSDT SHORT | PnL: 1.53% | Time: 56.4m
2025-12-05 13:06:12,857 [INFO] MAGICUSDT SHORT | PnL: 1.64% | Time: 56.4m
2025-12-05 13:06:17,769 [INFO] SANDUSDT SHORT | PnL: 1.18% | Time: 56.4m
2025-12-05 13:06:22,278 [INFO] OMUSDT SHORT | PnL: -1.12% | Time: 20.7m
2025-12-05 13:06:26,617 [INFO] ORDIUSDT SHORT | PnL: -0.85% | Time: 20.7m
2025-12-05 13:06:31,038 [INFO] PIEVERSEUSDT LONG | PnL: 0.21% | Time: 2.1m
2025-12-05 13:06:35,981 [INFO] FETUSDT SHORT | PnL: -0.35% | Time: 2.1m
2025-12-05 13:06:41,154 [INFO] SEIUSDT SHORT | PnL: 0.00% | Time: 2.1m
2025-12-05 13:06:41,155 [INFO] Scanning to fill 1 slots...
2025-12-05 13:23:15,413 [INFO] No suitable candidates found this round.
2025-12-05 13:24:39,966 [INFO] --- STATUS REPORT (PnL: -49.22%) ---
2025-12-05 13:24:44,559 [INFO] LAYERUSDT SHORT | PnL: -1.29% | Time: 75.2m
2025-12-05 13:24:49,171 [INFO] IPUSDT SHORT | PnL: 2.07% | Time: 75.1m
2025-12-05 13:24:53,832 [INFO] MAGICUSDT SHORT | PnL: 1.84% | Time: 75.1m
2025-12-05 13:24:59,504 [INFO] SANDUSDT SHORT | PnL: 1.68% | Time: 75.1m
2025-12-05 13:25:04,329 [INFO] OMUSDT SHORT | PnL: -0.45% | Time: 39.4m
2025-12-05 13:25:09,038 [INFO] ORDIUSDT SHORT | PnL: -0.13% | Time: 39.4m
2025-12-05 13:25:13,743 [INFO] PIEVERSEUSDT LONG | PnL: -7.79% | Time: 20.8m
2025-12-05 13:25:18,893 [INFO] FETUSDT SHORT | PnL: 0.48% | Time: 20.8m
2025-12-05 13:25:23,429 [INFO] SEIUSDT SHORT | PnL: 1.09% | Time: 20.8m
2025-12-05 13:25:23,430 [INFO] Scanning to fill 1 slots...
2025-12-05 13:42:17,714 [INFO] Found 1 candidates. Executing batch...
2025-12-05 13:42:17,719 [INFO] OPENING LUNA2USDT LONG | Entry: 0.1019 | SL: 0.0830 | TP: 0.1047
2025-12-05 13:42:22,969 [INFO] [MOCK] OPEN LONG LUNA2USDT @ 0.09838 | SL: 0.08296 | TP: 0.1047
2025-12-05 13:43:49,576 [INFO] --- STATUS REPORT (PnL: -54.30%) ---
2025-12-05 13:43:54,777 [INFO] LAYERUSDT SHORT | PnL: -1.29% | Time: 94.3m
2025-12-05 13:43:59,727 [INFO] IPUSDT SHORT | PnL: 2.21% | Time: 94.3m
2025-12-05 13:44:04,219 [INFO] MAGICUSDT SHORT | PnL: 1.84% | Time: 94.3m
2025-12-05 13:44:08,645 [INFO] SANDUSDT SHORT | PnL: 1.82% | Time: 94.3m
2025-12-05 13:44:12,889 [INFO] OMUSDT SHORT | PnL: 0.08% | Time: 58.6m
2025-12-05 13:44:18,617 [INFO] ORDIUSDT SHORT | PnL: 0.05% | Time: 58.6m
2025-12-05 13:44:24,905 [INFO] PIEVERSEUSDT LONG | PnL: -9.15% | Time: 40.0m
2025-12-05 13:44:29,862 [INFO] FETUSDT SHORT | PnL: 0.35% | Time: 40.0m
2025-12-05 13:44:34,158 [INFO] SEIUSDT SHORT | PnL: 1.86% | Time: 40.0m
2025-12-05 13:44:39,003 [INFO] LUNA2USDT LONG | PnL: 0.97% | Time: 2.3m
2025-12-05 13:44:39,005 [INFO] Slots full (10/10). Waiting for positions to close...
2025-12-05 13:46:04,246 [INFO] Slots full (10/10). Waiting for positions to close...
2025-12-05 13:47:38,113 [INFO] Slots full (10/10). Waiting for positions to close...
2025-12-05 13:49:07,575 [INFO] Slots full (10/10). Waiting for positions to close...
2025-12-05 13:50:37,831 [INFO] --- STATUS REPORT (PnL: -54.30%) ---
2025-12-05 13:50:42,174 [INFO] LAYERUSDT SHORT | PnL: -0.89% | Time: 101.1m
2025-12-05 13:50:46,515 [INFO] IPUSDT SHORT | PnL: 2.07% | Time: 101.0m
2025-12-05 13:50:50,925 [INFO] MAGICUSDT SHORT | PnL: 1.74% | Time: 101.0m
2025-12-05 13:50:55,276 [INFO] SANDUSDT SHORT | PnL: 1.74% | Time: 101.0m
2025-12-05 13:50:59,726 [INFO] OMUSDT SHORT | PnL: -0.16% | Time: 65.4m
2025-12-05 13:51:04,338 [INFO] ORDIUSDT SHORT | PnL: -0.03% | Time: 65.4m
2025-12-05 13:51:09,112 [INFO] PIEVERSEUSDT LONG | PnL: -8.98% | Time: 46.8m
2025-12-05 13:51:14,261 [INFO] FETUSDT SHORT | PnL: 0.30% | Time: 46.8m
2025-12-05 13:51:19,341 [INFO] SEIUSDT SHORT | PnL: 1.40% | Time: 46.8m
2025-12-05 13:51:24,106 [INFO] LUNA2USDT LONG | PnL: 1.07% | Time: 9.0m
2025-12-05 13:51:24,107 [INFO] Slots full (10/10). Waiting for positions to close...
2025-12-05 13:52:52,135 [INFO] Slots full (10/10). Waiting for positions to close...
2025-12-05 13:54:22,036 [INFO] Slots full (10/10). Waiting for positions to close...
2025-12-05 13:55:56,282 [INFO] Slots full (10/10). Waiting for positions to close...
2025-12-05 13:57:31,276 [INFO] --- STATUS REPORT (PnL: -54.30%) ---
2025-12-05 13:57:35,556 [INFO] LAYERUSDT SHORT | PnL: -0.79% | Time: 108.0m
2025-12-05 13:57:40,201 [INFO] IPUSDT SHORT | PnL: 1.71% | Time: 107.9m
2025-12-05 13:57:45,438 [INFO] MAGICUSDT SHORT | PnL: 1.54% | Time: 108.0m
2025-12-05 13:57:49,728 [INFO] SANDUSDT SHORT | PnL: 1.43% | Time: 107.9m
2025-12-05 13:57:53,962 [INFO] OMUSDT SHORT | PnL: -0.36% | Time: 72.3m
2025-12-05 13:57:58,791 [INFO] ORDIUSDT SHORT | PnL: -0.31% | Time: 72.3m
2025-12-05 13:58:03,451 [INFO] PIEVERSEUSDT LONG | PnL: -10.16% | Time: 53.7m
2025-12-05 13:58:07,952 [INFO] FETUSDT SHORT | PnL: 0.00% | Time: 53.7m
2025-12-05 13:58:12,275 [INFO] SEIUSDT SHORT | PnL: 1.32% | Time: 53.7m
2025-12-05 13:58:17,508 [INFO] LUNA2USDT LONG | PnL: 0.91% | Time: 15.9m
2025-12-05 13:58:17,509 [INFO] Slots full (10/10). Waiting for positions to close...
2025-12-05 13:59:46,478 [INFO] Slots full (10/10). Waiting for positions to close...
2025-12-05 14:01:16,805 [INFO] Slots full (10/10). Waiting for positions to close...
2025-12-05 14:02:53,014 [INFO] Slots full (10/10). Waiting for positions to close...
2025-12-05 14:04:30,786 [INFO] --- STATUS REPORT (PnL: -54.30%) ---
2025-12-05 14:04:35,892 [INFO] LAYERUSDT SHORT | PnL: -0.60% | Time: 115.0m
2025-12-05 14:04:40,973 [INFO] IPUSDT SHORT | PnL: 1.85% | Time: 115.0m
2025-12-05 14:04:45,417 [INFO] MAGICUSDT SHORT | PnL: 1.74% | Time: 115.0m
2025-12-05 14:04:49,786 [INFO] SANDUSDT SHORT | PnL: 1.41% | Time: 115.0m
2025-12-05 14:04:54,150 [INFO] OMUSDT SHORT | PnL: -0.22% | Time: 79.3m
2025-12-05 14:04:58,518 [INFO] ORDIUSDT SHORT | PnL: -0.21% | Time: 79.3m
2025-12-05 14:05:03,585 [INFO] PIEVERSEUSDT LONG | PnL: -9.62% | Time: 60.7m
2025-12-05 14:05:07,979 [INFO] FETUSDT SHORT | PnL: 0.17% | Time: 60.7m
2025-12-05 14:05:12,390 [INFO] SEIUSDT SHORT | PnL: 2.10% | Time: 60.7m
2025-12-05 14:05:17,293 [INFO] LUNA2USDT LONG | PnL: 3.28% | Time: 22.9m
2025-12-05 14:05:17,295 [INFO] Slots full (10/10). Waiting for positions to close...
2025-12-05 14:06:46,891 [INFO] Slots full (10/10). Waiting for positions to close...
2025-12-05 14:08:18,830 [INFO] Slots full (10/10). Waiting for positions to close...
2025-12-05 14:09:49,294 [INFO] Slots full (10/10). Waiting for positions to close...
2025-12-05 14:11:23,443 [INFO] --- STATUS REPORT (PnL: -54.30%) ---
2025-12-05 14:11:27,941 [INFO] LAYERUSDT SHORT | PnL: -0.99% | Time: 121.9m
2025-12-05 14:11:32,397 [INFO] IPUSDT SHORT | PnL: 0.95% | Time: 121.8m
2025-12-05 14:11:37,192 [INFO] MAGICUSDT SHORT | PnL: 0.82% | Time: 121.8m
2025-12-05 14:11:42,168 [INFO] SANDUSDT SHORT | PnL: 0.76% | Time: 121.8m
2025-12-05 14:11:46,616 [INFO] OMUSDT SHORT | PnL: -0.88% | Time: 86.1m
2025-12-05 14:11:51,163 [INFO] ORDIUSDT SHORT | PnL: -0.87% | Time: 86.1m
2025-12-05 14:11:55,536 [INFO] PIEVERSEUSDT LONG | PnL: -9.45% | Time: 67.5m
2025-12-05 14:12:00,300 [INFO] FETUSDT SHORT | PnL: -0.22% | Time: 67.5m
2025-12-05 14:12:04,963 [INFO] SEIUSDT SHORT | PnL: 2.02% | Time: 67.5m
2025-12-05 14:12:09,287 [INFO] LUNA2USDT LONG | PnL: 4.54% | Time: 29.8m
2025-12-05 14:12:09,288 [INFO] Slots full (10/10). Waiting for positions to close...
2025-12-05 14:13:39,138 [INFO] Slots full (10/10). Waiting for positions to close...
2025-12-05 14:15:15,748 [INFO] Slots full (10/10). Waiting for positions to close...
2025-12-05 14:16:47,888 [INFO] Slots full (10/10). Waiting for positions to close...
2025-12-05 14:18:21,609 [INFO] --- STATUS REPORT (PnL: -54.30%) ---
2025-12-05 14:18:26,427 [INFO] LAYERUSDT SHORT | PnL: -1.34% | Time: 128.9m
2025-12-05 14:18:31,188 [INFO] IPUSDT SHORT | PnL: 1.31% | Time: 128.8m
2025-12-05 14:18:36,159 [INFO] MAGICUSDT SHORT | PnL: 1.23% | Time: 128.8m
2025-12-05 14:18:40,780 [INFO] SANDUSDT SHORT | PnL: 1.13% | Time: 128.8m
2025-12-05 14:18:45,851 [INFO] OMUSDT SHORT | PnL: -0.47% | Time: 93.1m
2025-12-05 14:18:50,330 [INFO] ORDIUSDT SHORT | PnL: -0.28% | Time: 93.1m
2025-12-05 14:18:54,715 [INFO] PIEVERSEUSDT LONG | PnL: -9.29% | Time: 74.5m
2025-12-05 14:18:59,025 [INFO] FETUSDT SHORT | PnL: 0.17% | Time: 74.5m
2025-12-05 14:19:03,502 [INFO] SEIUSDT SHORT | PnL: 2.41% | Time: 74.5m
2025-12-05 14:19:08,618 [INFO] LUNA2USDT LONG | PnL: 9.85% | Time: 36.8m
2025-12-05 14:19:08,620 [INFO] Slots full (10/10). Waiting for positions to close...
2025-12-05 14:20:36,157 [INFO] [MOCK] CLOSE LUNA2USDT @ 0.10658 | TAKE PROFIT | PnL: 8.34% ($4.23) | Time: 38m
2025-12-05 14:20:36,159 [INFO] Scanning to fill 1 slots...
2025-12-05 14:37:36,240 [INFO] No suitable candidates found this round.
2025-12-05 14:37:58,081 [INFO] [MOCK] CLOSE IPUSDT @ 2.165 | MAJOR RESISTANCE @ 2.16 | PnL: 2.35% ($1.32) | Time: 148m
2025-12-05 14:38:11,891 [INFO] [MOCK] CLOSE MAGICUSDT @ 0.0954 | MAJOR RESISTANCE @ 0.10 | PnL: 2.35% ($1.19) | Time: 148m
2025-12-05 14:38:26,055 [INFO] [MOCK] CLOSE SANDUSDT @ 0.1391 | MAJOR RESISTANCE @ 0.14 | PnL: 2.08% ($0.94) | Time: 149m
2025-12-05 14:38:48,360 [INFO] [MOCK] CLOSE ORDIUSDT @ 3.867 | MAJOR RESISTANCE @ 3.87 | PnL: 0.74% ($0.38) | Time: 113m
2025-12-05 14:39:09,913 [INFO] [MOCK] CLOSE FETUSDT @ 0.2273 | MAJOR RESISTANCE @ 0.23 | PnL: 1.22% ($0.67) | Time: 95m
2025-12-05 14:39:22,606 [INFO] [MOCK] CLOSE SEIUSDT @ 0.1264 | MAJOR RESISTANCE @ 0.13 | PnL: 1.79% ($0.89) | Time: 95m
2025-12-05 14:39:22,608 [INFO] --- STATUS REPORT (PnL: -17.51%) ---
2025-12-05 14:39:27,524 [INFO] LAYERUSDT SHORT | PnL: -0.94% | Time: 149.9m
2025-12-05 14:39:32,014 [INFO] OMUSDT SHORT | PnL: 0.49% | Time: 113.9m
2025-12-05 14:39:36,314 [INFO] PIEVERSEUSDT LONG | PnL: -8.38% | Time: 95.2m
2025-12-05 14:39:36,315 [INFO] Scanning to fill 7 slots...
2025-12-05 14:57:18,140 [INFO] No suitable candidates found this round.
2025-12-05 14:57:39,638 [INFO] [MOCK] CLOSE OMUSDT @ 0.07228 | MAJOR RESISTANCE @ 0.07 | PnL: 0.96% ($0.54) | Time: 132m
2025-12-05 14:57:49,818 [INFO] --- STATUS REPORT (PnL: -11.85%) ---
2025-12-05 14:57:54,117 [INFO] LAYERUSDT SHORT | PnL: -0.40% | Time: 168.3m
2025-12-05 14:57:58,582 [INFO] PIEVERSEUSDT LONG | PnL: -7.10% | Time: 113.6m
2025-12-05 14:58:18,135 [INFO] Scanning to fill 8 slots...
2025-12-05 15:15:52,192 [INFO] No suitable candidates found this round.
2025-12-05 15:16:10,317 [INFO] --- STATUS REPORT (PnL: -11.85%) ---
2025-12-05 15:16:14,713 [INFO] LAYERUSDT SHORT | PnL: -0.40% | Time: 186.7m
2025-12-05 15:16:19,060 [INFO] PIEVERSEUSDT LONG | PnL: -5.49% | Time: 131.9m
2025-12-05 15:16:59,220 [INFO] Scanning to fill 8 slots...
2025-12-05 15:33:51,029 [INFO] No suitable candidates found this round.
2025-12-05 15:34:04,930 [INFO] --- STATUS REPORT (PnL: -11.85%) ---
2025-12-05 15:34:08,295 [INFO] LAYERUSDT SHORT | PnL: -0.99% | Time: 204.6m
2025-12-05 15:34:11,707 [INFO] PIEVERSEUSDT LONG | PnL: -4.85% | Time: 149.8m
2025-12-05 15:34:41,014 [INFO] [MOCK] CLOSE LAYERUSDT @ 0.2034 | MAJOR RESISTANCE @ 0.20 | PnL: -1.04% ($-0.72) | Time: 205m
2025-12-05 15:34:51,036 [INFO] Scanning to fill 9 slots...
2025-12-05 15:52:00,278 [INFO] No suitable candidates found this round.
2025-12-05 15:52:11,238 [INFO] --- STATUS REPORT (PnL: -4.99%) ---
2025-12-05 15:52:17,333 [INFO] PIEVERSEUSDT LONG | PnL: -4.18% | Time: 167.9m
2025-12-05 15:53:00,284 [INFO] Scanning to fill 9 slots...
2025-12-05 16:13:34,082 [INFO] No suitable candidates found this round.
2025-12-05 16:13:45,010 [INFO] --- STATUS REPORT (PnL: -4.99%) ---
2025-12-05 16:13:50,214 [INFO] PIEVERSEUSDT LONG | PnL: -1.38% | Time: 189.4m
2025-12-05 16:14:34,106 [INFO] Scanning to fill 9 slots...
2025-12-05 16:32:53,283 [INFO] No suitable candidates found this round.
2025-12-05 16:33:02,431 [INFO] --- STATUS REPORT (PnL: -4.99%) ---
2025-12-05 16:33:06,724 [INFO] PIEVERSEUSDT LONG | PnL: -0.59% | Time: 208.7m
2025-12-05 16:33:55,691 [INFO] Scanning to fill 9 slots...
2025-12-05 16:49:36,039 [INFO] No suitable candidates found this round.
2025-12-05 16:49:44,989 [INFO] [MOCK] CLOSE PIEVERSEUSDT @ 0.6077 | TAKE PROFIT | PnL: 4.96% ($3.04) | Time: 225m
2025-12-05 16:49:44,990 [INFO] --- STATUS REPORT: No Open Positions (PnL: 1.44%) ---
2025-12-05 16:50:36,051 [INFO] Scanning to fill 10 slots...
2025-12-05 17:06:51,416 [INFO] No suitable candidates found this round.
2025-12-05 17:06:51,419 [INFO] --- STATUS REPORT: No Open Positions (PnL: 1.44%) ---
2025-12-05 17:07:51,427 [INFO] Scanning to fill 10 slots...
2025-12-05 17:23:48,323 [INFO] No suitable candidates found this round.
2025-12-05 17:23:48,325 [INFO] --- STATUS REPORT: No Open Positions (PnL: 1.44%) ---
2025-12-05 17:24:48,330 [INFO] Scanning to fill 10 slots...
2025-12-05 17:40:57,121 [INFO] No suitable candidates found this round.
2025-12-05 17:40:57,129 [INFO] --- STATUS REPORT: No Open Positions (PnL: 1.44%) ---
2025-12-05 17:41:57,155 [INFO] Scanning to fill 10 slots...
2025-12-05 17:59:15,467 [INFO] No suitable candidates found this round.
2025-12-05 17:59:15,469 [INFO] --- STATUS REPORT: No Open Positions (PnL: 1.44%) ---
2025-12-05 18:00:15,464 [INFO] Scanning to fill 10 slots...
2025-12-05 18:17:34,129 [INFO] No suitable candidates found this round.
2025-12-05 18:17:34,134 [INFO] --- STATUS REPORT: No Open Positions (PnL: 1.44%) ---
2025-12-05 18:18:34,141 [INFO] Scanning to fill 10 slots...
2025-12-05 18:35:37,348 [INFO] No suitable candidates found this round.
2025-12-05 18:35:37,350 [INFO] --- STATUS REPORT: No Open Positions (PnL: 1.44%) ---
2025-12-05 18:36:37,371 [INFO] Scanning to fill 10 slots...
2025-12-05 18:54:22,012 [INFO] No suitable candidates found this round.
2025-12-05 18:54:22,014 [INFO] --- STATUS REPORT: No Open Positions (PnL: 1.44%) ---
2025-12-05 18:55:22,013 [INFO] Scanning to fill 10 slots...
2025-12-05 19:12:59,388 [INFO] No suitable candidates found this round.
2025-12-05 19:12:59,391 [INFO] --- STATUS REPORT: No Open Positions (PnL: 1.44%) ---
2025-12-05 19:13:59,397 [INFO] Scanning to fill 10 slots...
2025-12-05 19:31:41,671 [INFO] Found 1 candidates. Executing batch...
2025-12-05 19:31:41,682 [INFO] OPENING JCTUSDT SHORT | Entry: 0.0028 | SL: 0.0031 | TP: 0.0027
2025-12-05 19:31:46,314 [INFO] [MOCK] OPEN SHORT JCTUSDT @ 0.002836 | SL: 0.003085 | TP: 0.00269515
2025-12-05 19:31:54,844 [INFO] --- STATUS REPORT (PnL: -8.70%) ---
2025-12-05 19:31:59,254 [INFO] JCTUSDT SHORT | PnL: 0.04% | Time: 0.2m
2025-12-05 19:32:52,163 [INFO] Scanning to fill 9 slots...
2025-12-05 19:50:27,140 [INFO] No suitable candidates found this round.
2025-12-05 19:50:36,285 [INFO] --- STATUS REPORT (PnL: -8.70%) ---
2025-12-05 19:50:40,707 [INFO] JCTUSDT SHORT | PnL: 1.20% | Time: 18.9m
2025-12-05 19:51:30,877 [INFO] Scanning to fill 9 slots...
2025-12-05 20:09:05,865 [INFO] No suitable candidates found this round.
2025-12-05 20:09:15,891 [INFO] --- STATUS REPORT (PnL: -8.70%) ---
2025-12-05 20:09:19,634 [INFO] JCTUSDT SHORT | PnL: 1.48% | Time: 37.6m
2025-12-05 20:10:10,679 [INFO] Scanning to fill 9 slots...
2025-12-05 20:27:36,667 [INFO] Found 1 candidates. Executing batch...
2025-12-05 20:27:36,683 [INFO] OPENING PUFFERUSDT LONG | Entry: 0.0834 | SL: 0.0607 | TP: 0.0857
2025-12-05 20:27:41,351 [INFO] [MOCK] OPEN LONG PUFFERUSDT @ 0.08169 | SL: 0.06071 | TP: 0.08574
2025-12-05 20:27:58,782 [INFO] --- STATUS REPORT (PnL: -17.83%) ---
2025-12-05 20:28:03,522 [INFO] JCTUSDT SHORT | PnL: 0.74% | Time: 56.3m
2025-12-05 20:28:08,172 [INFO] PUFFERUSDT LONG | PnL: 0.37% | Time: 0.4m
2025-12-05 20:28:49,157 [INFO] Scanning to fill 8 slots...
2025-12-05 20:46:10,908 [INFO] Found 1 candidates. Executing batch...
2025-12-05 20:46:10,913 [INFO] OPENING SAHARAUSDT SHORT | Entry: 0.0364 | SL: 0.0377 | TP: 0.0360
2025-12-05 20:46:15,654 [INFO] [MOCK] OPEN SHORT SAHARAUSDT @ 0.03638 | SL: 0.03773 | TP: 0.03601
2025-12-05 20:46:42,166 [INFO] --- STATUS REPORT (PnL: -26.05%) ---
2025-12-05 20:46:47,217 [INFO] JCTUSDT SHORT | PnL: -0.88% | Time: 75.0m
2025-12-05 20:46:51,856 [INFO] PUFFERUSDT LONG | PnL: -1.25% | Time: 19.2m
2025-12-05 20:46:56,404 [INFO] SAHARAUSDT SHORT | PnL: 0.38% | Time: 0.7m
2025-12-05 20:47:24,245 [INFO] Scanning to fill 7 slots...
2025-12-05 21:05:13,718 [INFO] No suitable candidates found this round.
2025-12-05 21:05:41,845 [INFO] [MOCK] CLOSE SAHARAUSDT @ 0.03591 | TAKE PROFIT | PnL: 1.29% ($1.06) | Time: 19m
2025-12-05 21:05:41,846 [INFO] --- STATUS REPORT (PnL: -17.72%) ---
2025-12-05 21:05:45,954 [INFO] JCTUSDT SHORT | PnL: -0.81% | Time: 94.0m
2025-12-05 21:05:50,441 [INFO] PUFFERUSDT LONG | PnL: 0.18% | Time: 38.2m
2025-12-05 21:06:13,720 [INFO] Scanning to fill 8 slots...
2025-12-05 21:24:10,274 [INFO] No suitable candidates found this round.
2025-12-05 21:24:27,586 [INFO] --- STATUS REPORT (PnL: -17.72%) ---
2025-12-05 21:24:32,684 [INFO] JCTUSDT SHORT | PnL: -1.13% | Time: 112.8m
2025-12-05 21:24:37,184 [INFO] PUFFERUSDT LONG | PnL: -0.56% | Time: 56.9m
2025-12-05 21:25:17,854 [INFO] Scanning to fill 8 slots...
2025-12-05 21:42:38,905 [INFO] No suitable candidates found this round.
2025-12-05 21:42:57,129 [INFO] --- STATUS REPORT (PnL: -17.72%) ---
2025-12-05 21:43:01,655 [INFO] JCTUSDT SHORT | PnL: -0.92% | Time: 131.3m
2025-12-05 21:43:06,189 [INFO] PUFFERUSDT LONG | PnL: 0.00% | Time: 75.4m
2025-12-05 21:43:46,039 [INFO] Scanning to fill 8 slots...
2025-12-05 22:01:28,148 [INFO] Found 1 candidates. Executing batch...
2025-12-05 22:01:28,170 [INFO] OPENING PIPPINUSDT LONG | Entry: 0.2069 | SL: 0.1844 | TP: 0.2172
2025-12-05 22:01:33,127 [INFO] [MOCK] OPEN LONG PIPPINUSDT @ 0.20247 | SL: 0.1844 | TP: 0.217203
2025-12-05 22:02:00,000 [INFO] --- STATUS REPORT (PnL: -25.95%) ---
2025-12-05 22:02:04,982 [INFO] JCTUSDT SHORT | PnL: -1.34% | Time: 150.3m
2025-12-05 22:02:10,533 [INFO] PUFFERUSDT LONG | PnL: 2.39% | Time: 94.5m
2025-12-05 22:02:15,042 [INFO] PIPPINUSDT LONG | PnL: 0.42% | Time: 0.7m
2025-12-05 22:02:41,592 [INFO] Scanning to fill 7 slots...
2025-12-05 22:21:23,049 [INFO] Found 1 candidates. Executing batch...
2025-12-05 22:21:23,054 [INFO] OPENING RLSUSDT LONG | Entry: 0.0210 | SL: 0.0191 | TP: 0.0215
2025-12-05 22:21:27,583 [INFO] [MOCK] OPEN LONG RLSUSDT @ 0.020736 | SL: 0.019107 | TP: 0.021468
2025-12-05 22:21:46,235 [INFO] [MOCK] CLOSE PUFFERUSDT @ 0.09087 | TAKE PROFIT | PnL: 11.24% ($10.26) | Time: 114m
2025-12-05 22:22:03,890 [INFO] --- STATUS REPORT (PnL: -23.20%) ---
2025-12-05 22:22:08,648 [INFO] JCTUSDT SHORT | PnL: -1.62% | Time: 170.4m
2025-12-05 22:22:13,059 [INFO] PIPPINUSDT LONG | PnL: -2.93% | Time: 20.7m
2025-12-05 22:22:18,238 [INFO] RLSUSDT LONG | PnL: 0.00% | Time: 0.8m
2025-12-05 22:22:45,049 [INFO] Scanning to fill 7 slots...
2025-12-05 22:40:14,006 [INFO] No suitable candidates found this round.
2025-12-05 22:40:28,283 [INFO] [MOCK] CLOSE JCTUSDT @ 0.002918 | MAJOR RESISTANCE @ 0.00 | PnL: -2.89% ($-2.93) | Time: 189m
2025-12-05 22:40:46,202 [INFO] --- STATUS REPORT (PnL: -13.35%) ---
2025-12-05 22:40:50,780 [INFO] PIPPINUSDT LONG | PnL: -1.90% | Time: 39.3m
2025-12-05 22:40:55,149 [INFO] RLSUSDT LONG | PnL: 0.32% | Time: 19.5m
2025-12-05 22:41:14,017 [INFO] Scanning to fill 8 slots...
2025-12-06 09:57:04,997 [INFO] Initial Balance: 1000.00 USDT (DRY RUN)
2025-12-06 09:57:05,001 [INFO] >>> TREND FOLLOWING BOT V2 (REAL-TIME) STARTED [TEST (DRY RUN)] <<<
2025-12-06 09:57:05,003 [INFO] Config: Score 80.0+ | Hold 1.0h-24.0h
2025-12-06 09:57:05,003 [INFO] Daily Target: 10.0% (Stop at $1100.00)
2025-12-06 09:57:05,004 [INFO] Started Safety Monitor...
2025-12-06 09:57:05,004 [INFO] Started Status Reporter...
2025-12-06 09:57:05,007 [INFO] --- STATUS REPORT: No Open Positions (PnL: 0.00%) ---
2025-12-06 09:57:05,009 [INFO] Started Batch Scanner...
2025-12-06 09:57:05,015 [INFO] Scanning to fill 10 slots...
2025-12-07 16:56:09,792 [INFO] MOVED SL TO BREAKEVEN for BTCUSDT (Profit > 1.5R)
